<?xml version="1.0" encoding="UTF-8"?>
<!-- Generated by org.testng.reporters.JUnitReportReporter -->
<testsuite hostname="DESKTOP-7DKENU5" failures="0" tests="1" name="com.training.tests.RandomScenariosTest" time="32.612" errors="0" timestamp="06 Dec 2022 16:21:29 GMT" skipped="0">
  <testcase classname="com.training.tests.RandomScenariosTest" name="TC_35_Verifycustomizationtab" time="32.612"/>
</testsuite> <!-- com.training.tests.RandomScenariosTest -->
