<?xml version="1.0" encoding="UTF-8"?>
<!-- Generated by org.testng.reporters.JUnitReportReporter -->
<testsuite hostname="DESKTOP-7DKENU5" failures="0" tests="1" name="com.training.tests.LoginTest" time="6.736" errors="0" timestamp="05 Dec 2022 18:26:13 GMT" skipped="0">
  <testcase classname="com.training.tests.LoginTest" name="IncorrectUserNameAndPassword" time="6.736"/>
</testsuite> <!-- com.training.tests.LoginTest -->
