<?xml version="1.0" encoding="UTF-8"?>
<!-- Generated by org.testng.reporters.JUnitReportReporter -->
<testsuite hostname="DESKTOP-7DKENU5" failures="0" tests="1" name="com.training.tests.ContactsTest" time="10.472" errors="0" timestamp="06 Dec 2022 04:01:10 GMT" skipped="0">
  <testcase classname="com.training.tests.ContactsTest" name="TC_32_CheckingSaveandNewbutton" time="10.472"/>
</testsuite> <!-- com.training.tests.ContactsTest -->
