<?xml version="1.0" encoding="UTF-8"?>
<!-- Generated by org.testng.reporters.JUnitReportReporter -->
<testsuite hostname="DESKTOP-7DKENU5" failures="0" tests="1" name="com.training.tests.LeadsTest" time="10.520" errors="0" timestamp="14 Nov 2022 16:12:31 GMT" skipped="0">
  <testcase classname="com.training.tests.LeadsTest" name="TodaysLeadTC23" time="10.520"/>
</testsuite> <!-- com.training.tests.LeadsTest -->
